  [1m[35m (683.8ms)[0m  [1m[35mCREATE DATABASE "event_manager_development" ENCODING = 'unicode'[0m
  [1m[35m (642.6ms)[0m  [1m[35mCREATE DATABASE "event_manager_test" ENCODING = 'unicode'[0m
  [1m[35m (76.7ms)[0m  [1m[35mCREATE TABLE "schema_migrations" ("version" character varying NOT NULL PRIMARY KEY)[0m
  [1m[35m (52.9ms)[0m  [1m[35mCREATE TABLE "ar_internal_metadata" ("key" character varying NOT NULL PRIMARY KEY, "value" character varying, "created_at" timestamp(6) NOT NULL, "updated_at" timestamp(6) NOT NULL)[0m
  [1m[35m (4.1ms)[0m  [1m[34mSELECT pg_try_advisory_lock(1750736849146080915)[0m
  [1m[35m (3.8ms)[0m  [1m[34mSELECT "schema_migrations"."version" FROM "schema_migrations" ORDER BY "schema_migrations"."version" ASC[0m
Migrating to CreateEvents (20190912173910)
  [1m[35m (0.3ms)[0m  [1m[35mBEGIN[0m
  [1m[35m (81.1ms)[0m  [1m[35mCREATE TABLE "events" ("id" bigserial primary key, "event_type" character varying, "event_date" date, "title" text, "speaker" character varying, "host" character varying, "published" boolean, "created_at" timestamp(6) NOT NULL, "updated_at" timestamp(6) NOT NULL)[0m
  [1m[36mprimary::SchemaMigration Create (4.0ms)[0m  [1m[32mINSERT INTO "schema_migrations" ("version") VALUES ($1) RETURNING "version"[0m  [["version", "20190912173910"]]
  [1m[35m (4.3ms)[0m  [1m[35mCOMMIT[0m
  [1m[36mActiveRecord::InternalMetadata Load (0.8ms)[0m  [1m[34mSELECT "ar_internal_metadata".* FROM "ar_internal_metadata" WHERE "ar_internal_metadata"."key" = $1 LIMIT $2[0m  [["key", "environment"], ["LIMIT", 1]]
  [1m[35m (0.3ms)[0m  [1m[35mBEGIN[0m
  [1m[36mActiveRecord::InternalMetadata Create (3.6ms)[0m  [1m[32mINSERT INTO "ar_internal_metadata" ("key", "value", "created_at", "updated_at") VALUES ($1, $2, $3, $4) RETURNING "key"[0m  [["key", "environment"], ["value", "development"], ["created_at", "2019-09-12 17:41:23.735205"], ["updated_at", "2019-09-12 17:41:23.735205"]]
  [1m[35m (2.3ms)[0m  [1m[35mCOMMIT[0m
  [1m[35m (0.4ms)[0m  [1m[34mSELECT pg_advisory_unlock(1750736849146080915)[0m
  [1m[35m (0.8ms)[0m  [1m[34mSELECT "schema_migrations"."version" FROM "schema_migrations" ORDER BY "schema_migrations"."version" ASC[0m
  [1m[35m (1.4ms)[0m  [1m[34mSELECT "schema_migrations"."version" FROM "schema_migrations" ORDER BY "schema_migrations"."version" ASC[0m
  [1m[35m (0.2ms)[0m  [1m[35mBEGIN[0m
  [1m[36mEvent Create (47.4ms)[0m  [1m[32mINSERT INTO "events" ("event_type", "event_date", "title", "speaker", "host", "published", "created_at", "updated_at") VALUES ($1, $2, $3, $4, $5, $6, $7, $8) RETURNING "id"[0m  [["event_type", "Symposium"], ["event_date", "2018-05-01"], ["title", "A Social-Neuroscience Perspective on Empathy"], ["speaker", "Albert von Bezold, Jules Cotard, Marian Diamond"], ["host", "Alcmaeon of Croton"], ["published", true], ["created_at", "2019-09-12 17:45:35.041272"], ["updated_at", "2019-09-12 17:45:35.041272"]]
  [1m[35m (2.9ms)[0m  [1m[35mCOMMIT[0m
  [1m[35m (0.3ms)[0m  [1m[35mBEGIN[0m
  [1m[36mEvent Create (0.6ms)[0m  [1m[32mINSERT INTO "events" ("event_type", "event_date", "title", "speaker", "host", "published", "created_at", "updated_at") VALUES ($1, $2, $3, $4, $5, $6, $7, $8) RETURNING "id"[0m  [["event_type", "Colloquium"], ["event_date", "2018-04-01"], ["title", "The Neuroscience of Restorative Justice"], ["speaker", "Albert Einstein"], ["host", "Stephen Hawking"], ["published", true], ["created_at", "2019-09-12 17:45:35.104623"], ["updated_at", "2019-09-12 17:45:35.104623"]]
  [1m[35m (2.4ms)[0m  [1m[35mCOMMIT[0m
  [1m[35m (0.3ms)[0m  [1m[35mBEGIN[0m
  [1m[36mEvent Create (0.6ms)[0m  [1m[32mINSERT INTO "events" ("event_type", "event_date", "title", "speaker", "host", "published", "created_at", "updated_at") VALUES ($1, $2, $3, $4, $5, $6, $7, $8) RETURNING "id"[0m  [["event_type", "Symposium"], ["event_date", "2018-04-01"], ["title", "Cognitive Development Theory"], ["speaker", "Francis Glisson, Ragnar Granit, Nils-Åke Hillarp"], ["host", "David H. Hubel, Herbert Jasper"], ["published", true], ["created_at", "2019-09-12 17:45:35.114152"], ["updated_at", "2019-09-12 17:45:35.114152"]]
  [1m[35m (2.5ms)[0m  [1m[35mCOMMIT[0m
  [1m[35m (0.3ms)[0m  [1m[35mBEGIN[0m
  [1m[36mEvent Create (0.7ms)[0m  [1m[32mINSERT INTO "events" ("event_type", "event_date", "title", "speaker", "host", "published", "created_at", "updated_at") VALUES ($1, $2, $3, $4, $5, $6, $7, $8) RETURNING "id"[0m  [["event_type", "Symposium"], ["event_date", "2017-05-01"], ["title", "The Neuroscience of Moral Decision Making in Ethics"], ["speaker", "Michel Jouvet, Bernard Katz, Emil Kraepelin"], ["host", "Lawrence C. Katz"], ["published", true], ["created_at", "2019-09-12 17:45:35.123393"], ["updated_at", "2019-09-12 17:45:35.123393"]]
  [1m[35m (2.5ms)[0m  [1m[35mCOMMIT[0m
  [1m[35m (0.3ms)[0m  [1m[35mBEGIN[0m
  [1m[36mEvent Create (0.6ms)[0m  [1m[32mINSERT INTO "events" ("event_type", "event_date", "title", "speaker", "host", "published", "created_at", "updated_at") VALUES ($1, $2, $3, $4, $5, $6, $7, $8) RETURNING "id"[0m  [["event_type", "Symposium"], ["event_date", "2017-05-01"], ["title", "Ovariectomy Effect on Hippocampus Spatial Memory"], ["speaker", "Rita Levi-Montalcini, John C. Lilly, Horace Winchell Magoun"], ["host", "Mondino de Luzzi, Walle Nauta"], ["published", true], ["created_at", "2019-09-12 17:45:35.132436"], ["updated_at", "2019-09-12 17:45:35.132436"]]
  [1m[35m (2.5ms)[0m  [1m[35mCOMMIT[0m
  [1m[35m (0.3ms)[0m  [1m[35mBEGIN[0m
  [1m[36mEvent Create (0.6ms)[0m  [1m[32mINSERT INTO "events" ("event_type", "event_date", "title", "speaker", "host", "published", "created_at", "updated_at") VALUES ($1, $2, $3, $4, $5, $6, $7, $8) RETURNING "id"[0m  [["event_type", "Colloquium"], ["event_date", "2017-05-01"], ["title", "Left Brain Vs Right Brain how does this impact learning"], ["speaker", "Aristides Leão"], ["host", "Louis Lapicque"], ["published", true], ["created_at", "2019-09-12 17:45:35.142181"], ["updated_at", "2019-09-12 17:45:35.142181"]]
  [1m[35m (2.2ms)[0m  [1m[35mCOMMIT[0m
Started POST "/api/events.json" for ::1 at 2019-09-12 14:33:28 -0400
  [1m[35m (1.5ms)[0m  [1m[34mSELECT "schema_migrations"."version" FROM "schema_migrations" ORDER BY "schema_migrations"."version" ASC[0m
Processing by Api::EventsController#create as JSON
  Parameters: {"event"=>{"event_type"=>"Symposium", "event_date"=>"2019-01-01", "title"=>"A Symposium", "speaker"=>"Albert Einstein", "host"=>"Marie Curie", "published"=>true}}
Can't verify CSRF token authenticity.
Completed 500 Internal Server Error in 332ms (ActiveRecord: 0.0ms | Allocations: 19228)


  
NoMethodError (undefined method `flash=' for #<ActionDispatch::Request:0x00007fe09666d6d0>):
  
actionpack (6.0.0) lib/action_controller/metal/request_forgery_protection.rb:172:in `handle_unverified_request'
actionpack (6.0.0) lib/action_controller/metal/request_forgery_protection.rb:249:in `handle_unverified_request'
actionpack (6.0.0) lib/action_controller/metal/request_forgery_protection.rb:244:in `verify_authenticity_token'
activesupport (6.0.0) lib/active_support/callbacks.rb:429:in `block in make_lambda'
activesupport (6.0.0) lib/active_support/callbacks.rb:201:in `block (2 levels) in halting'
actionpack (6.0.0) lib/abstract_controller/callbacks.rb:34:in `block (2 levels) in <module:Callbacks>'
activesupport (6.0.0) lib/active_support/callbacks.rb:202:in `block in halting'
activesupport (6.0.0) lib/active_support/callbacks.rb:514:in `block in invoke_before'
activesupport (6.0.0) lib/active_support/callbacks.rb:514:in `each'
activesupport (6.0.0) lib/active_support/callbacks.rb:514:in `invoke_before'
activesupport (6.0.0) lib/active_support/callbacks.rb:134:in `run_callbacks'
actionpack (6.0.0) lib/abstract_controller/callbacks.rb:41:in `process_action'
actionpack (6.0.0) lib/action_controller/metal/rescue.rb:22:in `process_action'
actionpack (6.0.0) lib/action_controller/metal/instrumentation.rb:33:in `block in process_action'
activesupport (6.0.0) lib/active_support/notifications.rb:180:in `block in instrument'
activesupport (6.0.0) lib/active_support/notifications/instrumenter.rb:24:in `instrument'
activesupport (6.0.0) lib/active_support/notifications.rb:180:in `instrument'
actionpack (6.0.0) lib/action_controller/metal/instrumentation.rb:32:in `process_action'
actionpack (6.0.0) lib/action_controller/metal/params_wrapper.rb:245:in `process_action'
activerecord (6.0.0) lib/active_record/railties/controller_runtime.rb:27:in `process_action'
actionpack (6.0.0) lib/abstract_controller/base.rb:136:in `process'
actionview (6.0.0) lib/action_view/rendering.rb:39:in `process'
actionpack (6.0.0) lib/action_controller/metal.rb:191:in `dispatch'
actionpack (6.0.0) lib/action_controller/metal.rb:252:in `dispatch'
actionpack (6.0.0) lib/action_dispatch/routing/route_set.rb:51:in `dispatch'
actionpack (6.0.0) lib/action_dispatch/routing/route_set.rb:33:in `serve'
actionpack (6.0.0) lib/action_dispatch/journey/router.rb:49:in `block in serve'
actionpack (6.0.0) lib/action_dispatch/journey/router.rb:32:in `each'
actionpack (6.0.0) lib/action_dispatch/journey/router.rb:32:in `serve'
actionpack (6.0.0) lib/action_dispatch/routing/route_set.rb:837:in `call'
rack (2.0.7) lib/rack/etag.rb:25:in `call'
rack (2.0.7) lib/rack/conditional_get.rb:38:in `call'
rack (2.0.7) lib/rack/head.rb:12:in `call'
activerecord (6.0.0) lib/active_record/migration.rb:567:in `call'
actionpack (6.0.0) lib/action_dispatch/middleware/callbacks.rb:27:in `block in call'
activesupport (6.0.0) lib/active_support/callbacks.rb:101:in `run_callbacks'
actionpack (6.0.0) lib/action_dispatch/middleware/callbacks.rb:26:in `call'
actionpack (6.0.0) lib/action_dispatch/middleware/executor.rb:14:in `call'
actionpack (6.0.0) lib/action_dispatch/middleware/actionable_exceptions.rb:17:in `call'
actionpack (6.0.0) lib/action_dispatch/middleware/debug_exceptions.rb:32:in `call'
actionpack (6.0.0) lib/action_dispatch/middleware/show_exceptions.rb:33:in `call'
railties (6.0.0) lib/rails/rack/logger.rb:38:in `call_app'
railties (6.0.0) lib/rails/rack/logger.rb:26:in `block in call'
activesupport (6.0.0) lib/active_support/tagged_logging.rb:80:in `block in tagged'
activesupport (6.0.0) lib/active_support/tagged_logging.rb:28:in `tagged'
activesupport (6.0.0) lib/active_support/tagged_logging.rb:80:in `tagged'
railties (6.0.0) lib/rails/rack/logger.rb:26:in `call'
actionpack (6.0.0) lib/action_dispatch/middleware/remote_ip.rb:81:in `call'
actionpack (6.0.0) lib/action_dispatch/middleware/request_id.rb:27:in `call'
rack (2.0.7) lib/rack/runtime.rb:22:in `call'
activesupport (6.0.0) lib/active_support/cache/strategy/local_cache_middleware.rb:29:in `call'
actionpack (6.0.0) lib/action_dispatch/middleware/executor.rb:14:in `call'
actionpack (6.0.0) lib/action_dispatch/middleware/static.rb:126:in `call'
rack (2.0.7) lib/rack/sendfile.rb:111:in `call'
actionpack (6.0.0) lib/action_dispatch/middleware/host_authorization.rb:83:in `call'
railties (6.0.0) lib/rails/engine.rb:526:in `call'
puma (3.12.1) lib/puma/configuration.rb:227:in `call'
puma (3.12.1) lib/puma/server.rb:660:in `handle_request'
puma (3.12.1) lib/puma/server.rb:474:in `process_client'
puma (3.12.1) lib/puma/server.rb:334:in `block in run'
puma (3.12.1) lib/puma/thread_pool.rb:135:in `block in spawn_thread'
Started POST "/api/events" for ::1 at 2019-09-12 14:56:21 -0400
  [1m[35m (2.2ms)[0m  [1m[34mSELECT "schema_migrations"."version" FROM "schema_migrations" ORDER BY "schema_migrations"."version" ASC[0m
Processing by Api::EventsController#create as */*
  Parameters: {"event"=>{"event_type"=>"Symposium", "event_date"=>"2019-01-01", "title"=>"A Symposium", "speaker"=>"Albert Einstein", "host"=>"Marie Curie", "published"=>true}}
Can't verify CSRF token authenticity.
Completed 500 Internal Server Error in 51ms (ActiveRecord: 0.0ms | Allocations: 18691)


  
NoMethodError (undefined method `flash=' for #<ActionDispatch::Request:0x00007f8867f876f8>):
  
actionpack (6.0.0) lib/action_controller/metal/request_forgery_protection.rb:172:in `handle_unverified_request'
actionpack (6.0.0) lib/action_controller/metal/request_forgery_protection.rb:249:in `handle_unverified_request'
actionpack (6.0.0) lib/action_controller/metal/request_forgery_protection.rb:244:in `verify_authenticity_token'
activesupport (6.0.0) lib/active_support/callbacks.rb:429:in `block in make_lambda'
activesupport (6.0.0) lib/active_support/callbacks.rb:201:in `block (2 levels) in halting'
actionpack (6.0.0) lib/abstract_controller/callbacks.rb:34:in `block (2 levels) in <module:Callbacks>'
activesupport (6.0.0) lib/active_support/callbacks.rb:202:in `block in halting'
activesupport (6.0.0) lib/active_support/callbacks.rb:514:in `block in invoke_before'
activesupport (6.0.0) lib/active_support/callbacks.rb:514:in `each'
activesupport (6.0.0) lib/active_support/callbacks.rb:514:in `invoke_before'
activesupport (6.0.0) lib/active_support/callbacks.rb:134:in `run_callbacks'
actionpack (6.0.0) lib/abstract_controller/callbacks.rb:41:in `process_action'
actionpack (6.0.0) lib/action_controller/metal/rescue.rb:22:in `process_action'
actionpack (6.0.0) lib/action_controller/metal/instrumentation.rb:33:in `block in process_action'
activesupport (6.0.0) lib/active_support/notifications.rb:180:in `block in instrument'
activesupport (6.0.0) lib/active_support/notifications/instrumenter.rb:24:in `instrument'
activesupport (6.0.0) lib/active_support/notifications.rb:180:in `instrument'
actionpack (6.0.0) lib/action_controller/metal/instrumentation.rb:32:in `process_action'
actionpack (6.0.0) lib/action_controller/metal/params_wrapper.rb:245:in `process_action'
activerecord (6.0.0) lib/active_record/railties/controller_runtime.rb:27:in `process_action'
actionpack (6.0.0) lib/abstract_controller/base.rb:136:in `process'
actionview (6.0.0) lib/action_view/rendering.rb:39:in `process'
actionpack (6.0.0) lib/action_controller/metal.rb:191:in `dispatch'
actionpack (6.0.0) lib/action_controller/metal.rb:252:in `dispatch'
actionpack (6.0.0) lib/action_dispatch/routing/route_set.rb:51:in `dispatch'
actionpack (6.0.0) lib/action_dispatch/routing/route_set.rb:33:in `serve'
actionpack (6.0.0) lib/action_dispatch/journey/router.rb:49:in `block in serve'
actionpack (6.0.0) lib/action_dispatch/journey/router.rb:32:in `each'
actionpack (6.0.0) lib/action_dispatch/journey/router.rb:32:in `serve'
actionpack (6.0.0) lib/action_dispatch/routing/route_set.rb:837:in `call'
rack (2.0.7) lib/rack/etag.rb:25:in `call'
rack (2.0.7) lib/rack/conditional_get.rb:38:in `call'
rack (2.0.7) lib/rack/head.rb:12:in `call'
activerecord (6.0.0) lib/active_record/migration.rb:567:in `call'
actionpack (6.0.0) lib/action_dispatch/middleware/callbacks.rb:27:in `block in call'
activesupport (6.0.0) lib/active_support/callbacks.rb:101:in `run_callbacks'
actionpack (6.0.0) lib/action_dispatch/middleware/callbacks.rb:26:in `call'
actionpack (6.0.0) lib/action_dispatch/middleware/executor.rb:14:in `call'
actionpack (6.0.0) lib/action_dispatch/middleware/actionable_exceptions.rb:17:in `call'
actionpack (6.0.0) lib/action_dispatch/middleware/debug_exceptions.rb:32:in `call'
actionpack (6.0.0) lib/action_dispatch/middleware/show_exceptions.rb:33:in `call'
railties (6.0.0) lib/rails/rack/logger.rb:38:in `call_app'
railties (6.0.0) lib/rails/rack/logger.rb:26:in `block in call'
activesupport (6.0.0) lib/active_support/tagged_logging.rb:80:in `block in tagged'
activesupport (6.0.0) lib/active_support/tagged_logging.rb:28:in `tagged'
activesupport (6.0.0) lib/active_support/tagged_logging.rb:80:in `tagged'
railties (6.0.0) lib/rails/rack/logger.rb:26:in `call'
actionpack (6.0.0) lib/action_dispatch/middleware/remote_ip.rb:81:in `call'
actionpack (6.0.0) lib/action_dispatch/middleware/request_id.rb:27:in `call'
rack (2.0.7) lib/rack/runtime.rb:22:in `call'
activesupport (6.0.0) lib/active_support/cache/strategy/local_cache_middleware.rb:29:in `call'
actionpack (6.0.0) lib/action_dispatch/middleware/executor.rb:14:in `call'
actionpack (6.0.0) lib/action_dispatch/middleware/static.rb:126:in `call'
rack (2.0.7) lib/rack/sendfile.rb:111:in `call'
actionpack (6.0.0) lib/action_dispatch/middleware/host_authorization.rb:83:in `call'
railties (6.0.0) lib/rails/engine.rb:526:in `call'
puma (3.12.1) lib/puma/configuration.rb:227:in `call'
puma (3.12.1) lib/puma/server.rb:660:in `handle_request'
puma (3.12.1) lib/puma/server.rb:474:in `process_client'
puma (3.12.1) lib/puma/server.rb:334:in `block in run'
puma (3.12.1) lib/puma/thread_pool.rb:135:in `block in spawn_thread'
Started POST "/api/events.json" for ::1 at 2019-09-12 14:56:42 -0400
Processing by Api::EventsController#create as JSON
  Parameters: {"event"=>{"event_type"=>"Symposium", "event_date"=>"2019-01-01", "title"=>"A Symposium", "speaker"=>"Albert Einstein", "host"=>"Marie Curie", "published"=>true}}
Can't verify CSRF token authenticity.
Completed 500 Internal Server Error in 101ms (ActiveRecord: 0.0ms | Allocations: 18370)


  
NoMethodError (undefined method `flash=' for #<ActionDispatch::Request:0x00007f886b895418>):
  
actionpack (6.0.0) lib/action_controller/metal/request_forgery_protection.rb:172:in `handle_unverified_request'
actionpack (6.0.0) lib/action_controller/metal/request_forgery_protection.rb:249:in `handle_unverified_request'
actionpack (6.0.0) lib/action_controller/metal/request_forgery_protection.rb:244:in `verify_authenticity_token'
activesupport (6.0.0) lib/active_support/callbacks.rb:429:in `block in make_lambda'
activesupport (6.0.0) lib/active_support/callbacks.rb:201:in `block (2 levels) in halting'
actionpack (6.0.0) lib/abstract_controller/callbacks.rb:34:in `block (2 levels) in <module:Callbacks>'
activesupport (6.0.0) lib/active_support/callbacks.rb:202:in `block in halting'
activesupport (6.0.0) lib/active_support/callbacks.rb:514:in `block in invoke_before'
activesupport (6.0.0) lib/active_support/callbacks.rb:514:in `each'
activesupport (6.0.0) lib/active_support/callbacks.rb:514:in `invoke_before'
activesupport (6.0.0) lib/active_support/callbacks.rb:134:in `run_callbacks'
actionpack (6.0.0) lib/abstract_controller/callbacks.rb:41:in `process_action'
actionpack (6.0.0) lib/action_controller/metal/rescue.rb:22:in `process_action'
actionpack (6.0.0) lib/action_controller/metal/instrumentation.rb:33:in `block in process_action'
activesupport (6.0.0) lib/active_support/notifications.rb:180:in `block in instrument'
activesupport (6.0.0) lib/active_support/notifications/instrumenter.rb:24:in `instrument'
activesupport (6.0.0) lib/active_support/notifications.rb:180:in `instrument'
actionpack (6.0.0) lib/action_controller/metal/instrumentation.rb:32:in `process_action'
actionpack (6.0.0) lib/action_controller/metal/params_wrapper.rb:245:in `process_action'
activerecord (6.0.0) lib/active_record/railties/controller_runtime.rb:27:in `process_action'
actionpack (6.0.0) lib/abstract_controller/base.rb:136:in `process'
actionview (6.0.0) lib/action_view/rendering.rb:39:in `process'
actionpack (6.0.0) lib/action_controller/metal.rb:191:in `dispatch'
actionpack (6.0.0) lib/action_controller/metal.rb:252:in `dispatch'
actionpack (6.0.0) lib/action_dispatch/routing/route_set.rb:51:in `dispatch'
actionpack (6.0.0) lib/action_dispatch/routing/route_set.rb:33:in `serve'
actionpack (6.0.0) lib/action_dispatch/journey/router.rb:49:in `block in serve'
actionpack (6.0.0) lib/action_dispatch/journey/router.rb:32:in `each'
actionpack (6.0.0) lib/action_dispatch/journey/router.rb:32:in `serve'
actionpack (6.0.0) lib/action_dispatch/routing/route_set.rb:837:in `call'
rack (2.0.7) lib/rack/etag.rb:25:in `call'
rack (2.0.7) lib/rack/conditional_get.rb:38:in `call'
rack (2.0.7) lib/rack/head.rb:12:in `call'
activerecord (6.0.0) lib/active_record/migration.rb:567:in `call'
actionpack (6.0.0) lib/action_dispatch/middleware/callbacks.rb:27:in `block in call'
activesupport (6.0.0) lib/active_support/callbacks.rb:101:in `run_callbacks'
actionpack (6.0.0) lib/action_dispatch/middleware/callbacks.rb:26:in `call'
actionpack (6.0.0) lib/action_dispatch/middleware/executor.rb:14:in `call'
actionpack (6.0.0) lib/action_dispatch/middleware/actionable_exceptions.rb:17:in `call'
actionpack (6.0.0) lib/action_dispatch/middleware/debug_exceptions.rb:32:in `call'
actionpack (6.0.0) lib/action_dispatch/middleware/show_exceptions.rb:33:in `call'
railties (6.0.0) lib/rails/rack/logger.rb:38:in `call_app'
railties (6.0.0) lib/rails/rack/logger.rb:26:in `block in call'
activesupport (6.0.0) lib/active_support/tagged_logging.rb:80:in `block in tagged'
activesupport (6.0.0) lib/active_support/tagged_logging.rb:28:in `tagged'
activesupport (6.0.0) lib/active_support/tagged_logging.rb:80:in `tagged'
railties (6.0.0) lib/rails/rack/logger.rb:26:in `call'
actionpack (6.0.0) lib/action_dispatch/middleware/remote_ip.rb:81:in `call'
actionpack (6.0.0) lib/action_dispatch/middleware/request_id.rb:27:in `call'
rack (2.0.7) lib/rack/runtime.rb:22:in `call'
activesupport (6.0.0) lib/active_support/cache/strategy/local_cache_middleware.rb:29:in `call'
actionpack (6.0.0) lib/action_dispatch/middleware/executor.rb:14:in `call'
actionpack (6.0.0) lib/action_dispatch/middleware/static.rb:126:in `call'
rack (2.0.7) lib/rack/sendfile.rb:111:in `call'
actionpack (6.0.0) lib/action_dispatch/middleware/host_authorization.rb:83:in `call'
railties (6.0.0) lib/rails/engine.rb:526:in `call'
puma (3.12.1) lib/puma/configuration.rb:227:in `call'
puma (3.12.1) lib/puma/server.rb:660:in `handle_request'
puma (3.12.1) lib/puma/server.rb:474:in `process_client'
puma (3.12.1) lib/puma/server.rb:334:in `block in run'
puma (3.12.1) lib/puma/thread_pool.rb:135:in `block in spawn_thread'
Started POST "/api/events" for ::1 at 2019-09-12 14:57:03 -0400
Processing by Api::EventsController#create as */*
  Parameters: {"event"=>{"event_type"=>"Symposium", "event_date"=>"2019-01-01", "title"=>"A Symposium", "speaker"=>"Albert Einstein", "host"=>"Marie Curie", "published"=>true}}
Can't verify CSRF token authenticity.
Completed 500 Internal Server Error in 111ms (ActiveRecord: 0.0ms | Allocations: 18365)


  
NoMethodError (undefined method `flash=' for #<ActionDispatch::Request:0x00007f88683e6a00>):
  
actionpack (6.0.0) lib/action_controller/metal/request_forgery_protection.rb:172:in `handle_unverified_request'
actionpack (6.0.0) lib/action_controller/metal/request_forgery_protection.rb:249:in `handle_unverified_request'
actionpack (6.0.0) lib/action_controller/metal/request_forgery_protection.rb:244:in `verify_authenticity_token'
activesupport (6.0.0) lib/active_support/callbacks.rb:429:in `block in make_lambda'
activesupport (6.0.0) lib/active_support/callbacks.rb:201:in `block (2 levels) in halting'
actionpack (6.0.0) lib/abstract_controller/callbacks.rb:34:in `block (2 levels) in <module:Callbacks>'
activesupport (6.0.0) lib/active_support/callbacks.rb:202:in `block in halting'
activesupport (6.0.0) lib/active_support/callbacks.rb:514:in `block in invoke_before'
activesupport (6.0.0) lib/active_support/callbacks.rb:514:in `each'
activesupport (6.0.0) lib/active_support/callbacks.rb:514:in `invoke_before'
activesupport (6.0.0) lib/active_support/callbacks.rb:134:in `run_callbacks'
actionpack (6.0.0) lib/abstract_controller/callbacks.rb:41:in `process_action'
actionpack (6.0.0) lib/action_controller/metal/rescue.rb:22:in `process_action'
actionpack (6.0.0) lib/action_controller/metal/instrumentation.rb:33:in `block in process_action'
activesupport (6.0.0) lib/active_support/notifications.rb:180:in `block in instrument'
activesupport (6.0.0) lib/active_support/notifications/instrumenter.rb:24:in `instrument'
activesupport (6.0.0) lib/active_support/notifications.rb:180:in `instrument'
actionpack (6.0.0) lib/action_controller/metal/instrumentation.rb:32:in `process_action'
actionpack (6.0.0) lib/action_controller/metal/params_wrapper.rb:245:in `process_action'
activerecord (6.0.0) lib/active_record/railties/controller_runtime.rb:27:in `process_action'
actionpack (6.0.0) lib/abstract_controller/base.rb:136:in `process'
actionview (6.0.0) lib/action_view/rendering.rb:39:in `process'
actionpack (6.0.0) lib/action_controller/metal.rb:191:in `dispatch'
actionpack (6.0.0) lib/action_controller/metal.rb:252:in `dispatch'
actionpack (6.0.0) lib/action_dispatch/routing/route_set.rb:51:in `dispatch'
actionpack (6.0.0) lib/action_dispatch/routing/route_set.rb:33:in `serve'
actionpack (6.0.0) lib/action_dispatch/journey/router.rb:49:in `block in serve'
actionpack (6.0.0) lib/action_dispatch/journey/router.rb:32:in `each'
actionpack (6.0.0) lib/action_dispatch/journey/router.rb:32:in `serve'
actionpack (6.0.0) lib/action_dispatch/routing/route_set.rb:837:in `call'
rack (2.0.7) lib/rack/etag.rb:25:in `call'
rack (2.0.7) lib/rack/conditional_get.rb:38:in `call'
rack (2.0.7) lib/rack/head.rb:12:in `call'
activerecord (6.0.0) lib/active_record/migration.rb:567:in `call'
actionpack (6.0.0) lib/action_dispatch/middleware/callbacks.rb:27:in `block in call'
activesupport (6.0.0) lib/active_support/callbacks.rb:101:in `run_callbacks'
actionpack (6.0.0) lib/action_dispatch/middleware/callbacks.rb:26:in `call'
actionpack (6.0.0) lib/action_dispatch/middleware/executor.rb:14:in `call'
actionpack (6.0.0) lib/action_dispatch/middleware/actionable_exceptions.rb:17:in `call'
actionpack (6.0.0) lib/action_dispatch/middleware/debug_exceptions.rb:32:in `call'
actionpack (6.0.0) lib/action_dispatch/middleware/show_exceptions.rb:33:in `call'
railties (6.0.0) lib/rails/rack/logger.rb:38:in `call_app'
railties (6.0.0) lib/rails/rack/logger.rb:26:in `block in call'
activesupport (6.0.0) lib/active_support/tagged_logging.rb:80:in `block in tagged'
activesupport (6.0.0) lib/active_support/tagged_logging.rb:28:in `tagged'
activesupport (6.0.0) lib/active_support/tagged_logging.rb:80:in `tagged'
railties (6.0.0) lib/rails/rack/logger.rb:26:in `call'
actionpack (6.0.0) lib/action_dispatch/middleware/remote_ip.rb:81:in `call'
actionpack (6.0.0) lib/action_dispatch/middleware/request_id.rb:27:in `call'
rack (2.0.7) lib/rack/runtime.rb:22:in `call'
activesupport (6.0.0) lib/active_support/cache/strategy/local_cache_middleware.rb:29:in `call'
actionpack (6.0.0) lib/action_dispatch/middleware/executor.rb:14:in `call'
actionpack (6.0.0) lib/action_dispatch/middleware/static.rb:126:in `call'
rack (2.0.7) lib/rack/sendfile.rb:111:in `call'
actionpack (6.0.0) lib/action_dispatch/middleware/host_authorization.rb:83:in `call'
railties (6.0.0) lib/rails/engine.rb:526:in `call'
puma (3.12.1) lib/puma/configuration.rb:227:in `call'
puma (3.12.1) lib/puma/server.rb:660:in `handle_request'
puma (3.12.1) lib/puma/server.rb:474:in `process_client'
puma (3.12.1) lib/puma/server.rb:334:in `block in run'
puma (3.12.1) lib/puma/thread_pool.rb:135:in `block in spawn_thread'
Started POST "/api/events" for ::1 at 2019-09-12 15:04:03 -0400
  [1m[35m (1.7ms)[0m  [1m[34mSELECT "schema_migrations"."version" FROM "schema_migrations" ORDER BY "schema_migrations"."version" ASC[0m
Processing by Api::EventsController#create as */*
  Parameters: {"event"=>{"event_type"=>"Symposium", "event_date"=>"2019-01-01", "title"=>"A Symposium", "speaker"=>"Albert Einstein", "host"=>"Marie Curie", "published"=>true}}
  [1m[35m (41.6ms)[0m  [1m[35mBEGIN[0m
  ↳ app/controllers/api/events_controller.rb:13:in `create'
  [1m[36mEvent Create (300.6ms)[0m  [1m[32mINSERT INTO "events" ("event_type", "event_date", "title", "speaker", "host", "published", "created_at", "updated_at") VALUES ($1, $2, $3, $4, $5, $6, $7, $8) RETURNING "id"[0m  [["event_type", "Symposium"], ["event_date", "2019-01-01"], ["title", "A Symposium"], ["speaker", "Albert Einstein"], ["host", "Marie Curie"], ["published", true], ["created_at", "2019-09-12 19:04:04.011533"], ["updated_at", "2019-09-12 19:04:04.011533"]]
  ↳ app/controllers/api/events_controller.rb:13:in `create'
  [1m[35m (34.2ms)[0m  [1m[35mCOMMIT[0m
  ↳ app/controllers/api/events_controller.rb:13:in `create'
Completed 200 OK in 504ms (Views: 0.3ms | ActiveRecord: 458.7ms | Allocations: 8570)


Started GET "/api/events" for ::1 at 2019-09-12 17:23:09 -0400
  [1m[35m (10.8ms)[0m  [1m[34mSELECT "schema_migrations"."version" FROM "schema_migrations" ORDER BY "schema_migrations"."version" ASC[0m
Processing by Api::EventsController#index as */*
  Parameters: {"event"=>{}}
Completed 200 OK in 2ms (Views: 0.4ms | ActiveRecord: 30.5ms | Allocations: 215)


Started GET "/api/events/1" for ::1 at 2019-09-12 17:23:38 -0400
Processing by Api::EventsController#show as */*
  Parameters: {"id"=>"1", "event"=>{}}
  [1m[36mEvent Load (7.8ms)[0m  [1m[34mSELECT "events".* FROM "events" WHERE "events"."id" = $1 LIMIT $2[0m  [["id", 1], ["LIMIT", 1]]
  ↳ app/controllers/api/events_controller.rb:9:in `show'
Completed 200 OK in 266ms (Views: 0.1ms | ActiveRecord: 117.8ms | Allocations: 8038)


Started GET "/api/events/" for ::1 at 2019-09-13 12:30:12 -0400
  [1m[35m (1.8ms)[0m  [1m[34mSELECT "schema_migrations"."version" FROM "schema_migrations" ORDER BY "schema_migrations"."version" ASC[0m
Processing by Api::EventsController#index as */*
  Parameters: {"event"=>{}}
Completed 200 OK in 2ms (Views: 0.3ms | ActiveRecord: 47.4ms | Allocations: 216)


Started GET "/api/events.json" for ::1 at 2019-09-13 12:31:33 -0400
Processing by Api::EventsController#index as JSON
  Parameters: {"event"=>{}}
  [1m[36mEvent Load (135.0ms)[0m  [1m[34mSELECT "events".* FROM "events" ORDER BY "events"."event_date" DESC[0m
  ↳ app/controllers/api/events_controller.rb:5:in `index'
Completed 200 OK in 399ms (Views: 90.2ms | ActiveRecord: 299.4ms | Allocations: 7575)


Started GET "/api/events.json" for ::1 at 2019-09-13 12:35:24 -0400
Processing by Api::EventsController#index as JSON
  Parameters: {"event"=>{}}
  [1m[36mEvent Load (4.3ms)[0m  [1m[34mSELECT "events".* FROM "events" ORDER BY "events"."event_date" DESC[0m
  ↳ app/controllers/api/events_controller.rb:5:in `index'
Completed 200 OK in 45ms (Views: 30.2ms | ActiveRecord: 4.3ms | Allocations: 2173)


Started GET "/api/events.json" for ::1 at 2019-09-13 12:37:16 -0400
Processing by Api::EventsController#index as JSON
  [1m[36mEvent Load (52.8ms)[0m  [1m[34mSELECT "events".* FROM "events" ORDER BY "events"."event_date" DESC[0m
  ↳ app/controllers/api/events_controller.rb:5:in `index'
Completed 200 OK in 93ms (Views: 24.5ms | ActiveRecord: 52.8ms | Allocations: 2154)


Started GET "/api/events.json" for ::1 at 2019-09-13 12:37:18 -0400
Processing by Api::EventsController#index as JSON
  [1m[36mEvent Load (0.7ms)[0m  [1m[34mSELECT "events".* FROM "events" ORDER BY "events"."event_date" DESC[0m
  ↳ app/controllers/api/events_controller.rb:5:in `index'
Completed 200 OK in 6ms (Views: 5.2ms | ActiveRecord: 0.7ms | Allocations: 2173)


Started GET "/api/events.json" for ::1 at 2019-09-13 12:39:17 -0400
  [1m[35m (44.1ms)[0m  [1m[34mSELECT "schema_migrations"."version" FROM "schema_migrations" ORDER BY "schema_migrations"."version" ASC[0m
Processing by Api::EventsController#index as JSON
  [1m[36mEvent Load (0.9ms)[0m  [1m[34mSELECT "events".* FROM "events" ORDER BY "events"."event_date" DESC[0m
  ↳ app/controllers/api/events_controller.rb:5:in `index'
Completed 200 OK in 50ms (Views: 24.2ms | ActiveRecord: 14.9ms | Allocations: 8600)


Started GET "/api/events.json" for ::1 at 2019-09-13 12:39:45 -0400
  [1m[35m (1.3ms)[0m  [1m[34mSELECT "schema_migrations"."version" FROM "schema_migrations" ORDER BY "schema_migrations"."version" ASC[0m
Processing by Api::EventsController#index as JSON
  [1m[36mEvent Load (0.9ms)[0m  [1m[34mSELECT "events".* FROM "events" ORDER BY "events"."event_date" DESC[0m
  ↳ app/controllers/api/events_controller.rb:5:in `index'
Completed 200 OK in 35ms (Views: 16.0ms | ActiveRecord: 8.4ms | Allocations: 8601)


